<?xml version="1.0" encoding="UTF-8"?>
<!-- Generated by org.testng.reporters.JUnitXMLReporter -->
<testsuite ignored="0" hostname="Ushas-MacBook-Air.local" failures="0" tests="4" name="Default test" time="4.713" errors="0" timestamp="2025-03-11T20:04:43 PDT">
  <testcase classname="api.test.DDTests" name="testPostUser" time="3.237"/>
  <testcase classname="api.test.DDTests" name="testPostUser" time="0.436"/>
  <testcase classname="api.test.DDTests" name="testGetUer" time="0.499"/>
  <testcase classname="api.test.DDTests" name="testGetUer" time="0.438"/>
</testsuite> <!-- Default test -->
